  DXUT.cpp
C:\Program Files (x86)\Microsoft DirectX SDK (June 2010)\Include\dxgitype.h(12,1): warning C4005:  'DXGI_STATUS_OCCLUDED': 매크로 재정의
C:\Program Files (x86)\Windows Kits\10\Include\10.0.17763.0\shared\winerror.h(55460): message :  'DXGI_STATUS_OCCLUDED'의 이전 정의를 참조하십시오.
C:\Program Files (x86)\Microsoft DirectX SDK (June 2010)\Include\dxgitype.h(13,1): warning C4005:  'DXGI_STATUS_CLIPPED': 매크로 재정의
C:\Program Files (x86)\Windows Kits\10\Include\10.0.17763.0\shared\winerror.h(55469): message :  'DXGI_STATUS_CLIPPED'의 이전 정의를 참조하십시오.
C:\Program Files (x86)\Microsoft DirectX SDK (June 2010)\Include\dxgitype.h(14,1): warning C4005:  'DXGI_STATUS_NO_REDIRECTION': 매크로 재정의
C:\Program Files (x86)\Windows Kits\10\Include\10.0.17763.0\shared\winerror.h(55478): message :  'DXGI_STATUS_NO_REDIRECTION'의 이전 정의를 참조하십시오.
C:\Program Files (x86)\Microsoft DirectX SDK (June 2010)\Include\dxgitype.h(15,1): warning C4005:  'DXGI_STATUS_NO_DESKTOP_ACCESS': 매크로 재정의
C:\Program Files (x86)\Windows Kits\10\Include\10.0.17763.0\shared\winerror.h(55487): message :  'DXGI_STATUS_NO_DESKTOP_ACCESS'의 이전 정의를 참조하십시오.
C:\Program Files (x86)\Microsoft DirectX SDK (June 2010)\Include\dxgitype.h(16,1): warning C4005:  'DXGI_STATUS_GRAPHICS_VIDPN_SOURCE_IN_USE': 매크로 재정의
C:\Program Files (x86)\Windows Kits\10\Include\10.0.17763.0\shared\winerror.h(55496): message :  'DXGI_STATUS_GRAPHICS_VIDPN_SOURCE_IN_USE'의 이전 정의를 참조하십시오.
C:\Program Files (x86)\Microsoft DirectX SDK (June 2010)\Include\dxgitype.h(17,1): warning C4005:  'DXGI_STATUS_MODE_CHANGED': 매크로 재정의
C:\Program Files (x86)\Windows Kits\10\Include\10.0.17763.0\shared\winerror.h(55505): message :  'DXGI_STATUS_MODE_CHANGED'의 이전 정의를 참조하십시오.
C:\Program Files (x86)\Microsoft DirectX SDK (June 2010)\Include\dxgitype.h(18,1): warning C4005:  'DXGI_STATUS_MODE_CHANGE_IN_PROGRESS': 매크로 재정의
C:\Program Files (x86)\Windows Kits\10\Include\10.0.17763.0\shared\winerror.h(55514): message :  'DXGI_STATUS_MODE_CHANGE_IN_PROGRESS'의 이전 정의를 참조하십시오.
C:\Program Files (x86)\Microsoft DirectX SDK (June 2010)\Include\dxgitype.h(21,1): warning C4005:  'DXGI_ERROR_INVALID_CALL': 매크로 재정의
C:\Program Files (x86)\Windows Kits\10\Include\10.0.17763.0\shared\winerror.h(55529): message :  'DXGI_ERROR_INVALID_CALL'의 이전 정의를 참조하십시오.
C:\Program Files (x86)\Microsoft DirectX SDK (June 2010)\Include\dxgitype.h(22,1): warning C4005:  'DXGI_ERROR_NOT_FOUND': 매크로 재정의
C:\Program Files (x86)\Windows Kits\10\Include\10.0.17763.0\shared\winerror.h(55538): message :  'DXGI_ERROR_NOT_FOUND'의 이전 정의를 참조하십시오.
C:\Program Files (x86)\Microsoft DirectX SDK (June 2010)\Include\dxgitype.h(23,1): warning C4005:  'DXGI_ERROR_MORE_DATA': 매크로 재정의
C:\Program Files (x86)\Windows Kits\10\Include\10.0.17763.0\shared\winerror.h(55547): message :  'DXGI_ERROR_MORE_DATA'의 이전 정의를 참조하십시오.
C:\Program Files (x86)\Microsoft DirectX SDK (June 2010)\Include\dxgitype.h(24,1): warning C4005:  'DXGI_ERROR_UNSUPPORTED': 매크로 재정의
C:\Program Files (x86)\Windows Kits\10\Include\10.0.17763.0\shared\winerror.h(55556): message :  'DXGI_ERROR_UNSUPPORTED'의 이전 정의를 참조하십시오.
C:\Program Files (x86)\Microsoft DirectX SDK (June 2010)\Include\dxgitype.h(25,1): warning C4005:  'DXGI_ERROR_DEVICE_REMOVED': 매크로 재정의
C:\Program Files (x86)\Windows Kits\10\Include\10.0.17763.0\shared\winerror.h(55565): message :  'DXGI_ERROR_DEVICE_REMOVED'의 이전 정의를 참조하십시오.
C:\Program Files (x86)\Microsoft DirectX SDK (June 2010)\Include\dxgitype.h(26,1): warning C4005:  'DXGI_ERROR_DEVICE_HUNG': 매크로 재정의
C:\Program Files (x86)\Windows Kits\10\Include\10.0.17763.0\shared\winerror.h(55574): message :  'DXGI_ERROR_DEVICE_HUNG'의 이전 정의를 참조하십시오.
C:\Program Files (x86)\Microsoft DirectX SDK (June 2010)\Include\dxgitype.h(27,1): warning C4005:  'DXGI_ERROR_DEVICE_RESET': 매크로 재정의
C:\Program Files (x86)\Windows Kits\10\Include\10.0.17763.0\shared\winerror.h(55584): message :  'DXGI_ERROR_DEVICE_RESET'의 이전 정의를 참조하십시오.
C:\Program Files (x86)\Microsoft DirectX SDK (June 2010)\Include\dxgitype.h(28,1): warning C4005:  'DXGI_ERROR_WAS_STILL_DRAWING': 매크로 재정의
C:\Program Files (x86)\Windows Kits\10\Include\10.0.17763.0\shared\winerror.h(55593): message :  'DXGI_ERROR_WAS_STILL_DRAWING'의 이전 정의를 참조하십시오.
C:\Program Files (x86)\Microsoft DirectX SDK (June 2010)\Include\dxgitype.h(29,1): warning C4005:  'DXGI_ERROR_FRAME_STATISTICS_DISJOINT': 매크로 재정의
C:\Program Files (x86)\Windows Kits\10\Include\10.0.17763.0\shared\winerror.h(55603): message :  'DXGI_ERROR_FRAME_STATISTICS_DISJOINT'의 이전 정의를 참조하십시오.
C:\Program Files (x86)\Microsoft DirectX SDK (June 2010)\Include\dxgitype.h(30,1): warning C4005:  'DXGI_ERROR_GRAPHICS_VIDPN_SOURCE_IN_USE': 매크로 재정의
C:\Program Files (x86)\Windows Kits\10\Include\10.0.17763.0\shared\winerror.h(55612): message :  'DXGI_ERROR_GRAPHICS_VIDPN_SOURCE_IN_USE'의 이전 정의를 참조하십시오.
C:\Program Files (x86)\Microsoft DirectX SDK (June 2010)\Include\dxgitype.h(31,1): warning C4005:  'DXGI_ERROR_DRIVER_INTERNAL_ERROR': 매크로 재정의
C:\Program Files (x86)\Windows Kits\10\Include\10.0.17763.0\shared\winerror.h(55622): message :  'DXGI_ERROR_DRIVER_INTERNAL_ERROR'의 이전 정의를 참조하십시오.
C:\Program Files (x86)\Microsoft DirectX SDK (June 2010)\Include\dxgitype.h(32,1): warning C4005:  'DXGI_ERROR_NONEXCLUSIVE': 매크로 재정의
C:\Program Files (x86)\Windows Kits\10\Include\10.0.17763.0\shared\winerror.h(55631): message :  'DXGI_ERROR_NONEXCLUSIVE'의 이전 정의를 참조하십시오.
C:\Program Files (x86)\Microsoft DirectX SDK (June 2010)\Include\dxgitype.h(33,1): warning C4005:  'DXGI_ERROR_NOT_CURRENTLY_AVAILABLE': 매크로 재정의
C:\Program Files (x86)\Windows Kits\10\Include\10.0.17763.0\shared\winerror.h(55640): message :  'DXGI_ERROR_NOT_CURRENTLY_AVAILABLE'의 이전 정의를 참조하십시오.
C:\Program Files (x86)\Microsoft DirectX SDK (June 2010)\Include\dxgitype.h(34,1): warning C4005:  'DXGI_ERROR_REMOTE_CLIENT_DISCONNECTED': 매크로 재정의
C:\Program Files (x86)\Windows Kits\10\Include\10.0.17763.0\shared\winerror.h(55650): message :  'DXGI_ERROR_REMOTE_CLIENT_DISCONNECTED'의 이전 정의를 참조하십시오.
C:\Program Files (x86)\Microsoft DirectX SDK (June 2010)\Include\dxgitype.h(35,1): warning C4005:  'DXGI_ERROR_REMOTE_OUTOFMEMORY': 매크로 재정의
C:\Program Files (x86)\Windows Kits\10\Include\10.0.17763.0\shared\winerror.h(55659): message :  'DXGI_ERROR_REMOTE_OUTOFMEMORY'의 이전 정의를 참조하십시오.
C:\Program Files (x86)\Microsoft DirectX SDK (June 2010)\Include\d3d10.h(608,1): warning C4005:  'D3D10_ERROR_TOO_MANY_UNIQUE_STATE_OBJECTS': 매크로 재정의
C:\Program Files (x86)\Windows Kits\10\Include\10.0.17763.0\shared\winerror.h(55899): message :  'D3D10_ERROR_TOO_MANY_UNIQUE_STATE_OBJECTS'의 이전 정의를 참조하십시오.
C:\Program Files (x86)\Microsoft DirectX SDK (June 2010)\Include\d3d10.h(609,1): warning C4005:  'D3D10_ERROR_FILE_NOT_FOUND': 매크로 재정의
C:\Program Files (x86)\Windows Kits\10\Include\10.0.17763.0\shared\winerror.h(55908): message :  'D3D10_ERROR_FILE_NOT_FOUND'의 이전 정의를 참조하십시오.
D:\Programing project\[ 기능대회 ]\PolliceGame\EventHandler.h(93,1): warning C4005:  'CreateEvent': 매크로 재정의
C:\Program Files (x86)\Windows Kits\10\Include\10.0.17763.0\um\synchapi.h(488): message :  'CreateEvent'의 이전 정의를 참조하십시오.
D:\Programing project\[ 기능대회 ]\PolliceGame\Time.h(15,2): warning C4091:  'static ': 변수를 선언하지 않으면 'Time' 왼쪽은 무시됩니다.
D:\Programing project\[ 기능대회 ]\PolliceGame\Time.h(9,48): warning C4244:  'return': 'double'에서 'float'(으)로 변환하면서 데이터가 손실될 수 있습니다.
D:\Programing project\[ 기능대회 ]\PolliceGame\ResourceManager.h(6,15): warning C4099:  'Material': 처음에는 'struct'을(를) 사용하여 형식 이름을 표시했는데 이제는 'class'을(를) 사용하여 표시합니다.
D:\Programing project\[ 기능대회 ]\PolliceGame\Define.h(16): message :  'Material' 선언을 참조하십시오.
D:\Programing project\[ 기능대회 ]\PolliceGame\Collider.h(4,13): warning C4099:  'Matrix': 처음에는 'struct'을(를) 사용하여 형식 이름을 표시했는데 이제는 'class'을(를) 사용하여 표시합니다.
D:\Programing project\[ 기능대회 ]\PolliceGame\Math.h(90): message :  'Matrix' 선언을 참조하십시오.
D:\Programing project\[ 기능대회 ]\PolliceGame\Collider.h(5,14): warning C4099:  'Vector3': 처음에는 'struct'을(를) 사용하여 형식 이름을 표시했는데 이제는 'class'을(를) 사용하여 표시합니다.
D:\Programing project\[ 기능대회 ]\PolliceGame\Math.h(37): message :  'Vector3' 선언을 참조하십시오.
D:\Programing project\[ 기능대회 ]\PolliceGame\DXUT\Core\DXUT.cpp(696,131): warning C4838:  'UINT'에서 'LONG'(으)로의 변환에는 축소 변환이 필요합니다.
D:\Programing project\[ 기능대회 ]\PolliceGame\DXUT\Core\DXUT.cpp(696,187): warning C4838:  'UINT'에서 'LONG'(으)로의 변환에는 축소 변환이 필요합니다.
D:\Programing project\[ 기능대회 ]\PolliceGame\DXUT\Core\DXUT.cpp(697,135): warning C4838:  'UINT'에서 'LONG'(으)로의 변환에는 축소 변환이 필요합니다.
D:\Programing project\[ 기능대회 ]\PolliceGame\DXUT\Core\DXUT.cpp(697,195): warning C4838:  'UINT'에서 'LONG'(으)로의 변환에는 축소 변환이 필요합니다.
D:\Programing project\[ 기능대회 ]\PolliceGame\DXUT\Core\DXUT.cpp(4961,1): warning C4996:  'GetVersionExW': deprecated로 선언되었습니다.
C:\Program Files (x86)\Windows Kits\10\Include\10.0.17763.0\um\sysinfoapi.h(387): message :  'GetVersionExW' 선언을 참조하십시오.
  BaseResource.cpp
  Camera.cpp
D:\Programing project\[ 기능대회 ]\PolliceGame\Camera.cpp(13,37): warning C4458:  'position' 선언은 클래스 멤버를 숨깁니다.
D:\Programing project\[ 기능대회 ]\PolliceGame\Camera.h(12,10): message :  'Camera::position' 선언을 참조하십시오.
D:\Programing project\[ 기능대회 ]\PolliceGame\Camera.cpp(20,35): warning C4458:  'lookAt' 선언은 클래스 멤버를 숨깁니다.
D:\Programing project\[ 기능대회 ]\PolliceGame\Camera.h(13,10): message :  'Camera::lookAt' 선언을 참조하십시오.
D:\Programing project\[ 기능대회 ]\PolliceGame\Camera.cpp(27,31): warning C4458:  'up' 선언은 클래스 멤버를 숨깁니다.
  CameraManager.cpp
D:\Programing project\[ 기능대회 ]\PolliceGame\Camera.h(14,10): message :  'Camera::up' 선언을 참조하십시오.
D:\Programing project\[ 기능대회 ]\PolliceGame\CameraManager.cpp(30,39): warning C4458:  'skyBox' 선언은 클래스 멤버를 숨깁니다.
D:\Programing project\[ 기능대회 ]\PolliceGame\CameraManager.h(13,10): message :  'CameraManager::skyBox' 선언을 참조하십시오.
D:\Programing project\[ 기능대회 ]\PolliceGame\CameraManager.cpp(45,46): warning C4458:  'light' 선언은 클래스 멤버를 숨깁니다.
  Collider.cpp
D:\Programing project\[ 기능대회 ]\PolliceGame\CameraManager.h(15,10): message :  'CameraManager::light' 선언을 참조하십시오.
D:\Programing project\[ 기능대회 ]\PolliceGame\Collider.cpp(68,55): warning C4458:  'center' 선언은 클래스 멤버를 숨깁니다.
  CollisionManager.cpp
  Component.cpp
  DXUTenum.cpp
  DXUTmisc.cpp
D:\Programing project\[ 기능대회 ]\PolliceGame\Collider.h(19,11): message :  'Collider::SphereData::center' 선언을 참조하십시오.
D:\Programing project\[ 기능대회 ]\PolliceGame\DXUT\Core\DXUTmisc.cpp(1263,1): warning C4996:  'GetVersionExA': deprecated로 선언되었습니다.
  DXUTcamera.cpp
  DXUTgui.cpp
C:\Program Files (x86)\Windows Kits\10\Include\10.0.17763.0\um\sysinfoapi.h(378): message :  'GetVersionExA' 선언을 참조하십시오.
D:\Programing project\[ 기능대회 ]\PolliceGame\DXUT\Optional\DXUTgui.cpp(6846,37): warning C4458:  'iTexture' 선언은 클래스 멤버를 숨깁니다.
D:\Programing project\[ 기능대회 ]\PolliceGame\DXUT\Optional\DXUTgui.h(109,10): message :  'CDXUTElement::iTexture' 선언을 참조하십시오.
D:\Programing project\[ 기능대회 ]\PolliceGame\DXUT\Optional\DXUTgui.cpp(6860,34): warning C4458:  'iFont' 선언은 클래스 멤버를 숨깁니다.
D:\Programing project\[ 기능대회 ]\PolliceGame\DXUT\Optional\DXUTgui.h(110,10): message :  'CDXUTElement::iFont' 선언을 참조하십시오.
D:\Programing project\[ 기능대회 ]\PolliceGame\DXUT\Optional\DXUTgui.cpp(6860,74): warning C4458:  'dwTextFormat' 선언은 클래스 멤버를 숨깁니다.
  DXUTres.cpp
  DXUTsettingsdlg.cpp
  SDKmesh.cpp
  SDKmisc.cpp
  EndingScene.cpp
  EventArgs.cpp
  EventHandler.cpp
  GameObject.cpp
  InputManager.cpp
  IntroScene.cpp
  코드를 생성하고 있습니다...
  컴파일하고 있습니다...
  MainGame.cpp
  Math.cpp
  MenuScene.cpp
  Mesh.cpp
D:\Programing project\[ 기능대회 ]\PolliceGame\DXUT\Optional\DXUTgui.h(111,11): message :  'CDXUTElement::dwTextFormat' 선언을 참조하십시오.
  MeshRenderer.cpp
D:\Programing project\[ 기능대회 ]\PolliceGame\Mesh.cpp(230,38): warning C4018:  '<': signed 또는 unsigned가 일치하지 않습니다.
D:\Programing project\[ 기능대회 ]\PolliceGame\MeshRenderer.cpp(28,43): warning C4458:  'mesh' 선언은 클래스 멤버를 숨깁니다.
D:\Programing project\[ 기능대회 ]\PolliceGame\MeshRenderer.h(10,8): message :  'MeshRenderer::mesh' 선언을 참조하십시오.
D:\Programing project\[ 기능대회 ]\PolliceGame\MeshRenderer.cpp(34,47): warning C4458:  'shader' 선언은 클래스 멤버를 숨깁니다.
D:\Programing project\[ 기능대회 ]\PolliceGame\MeshRenderer.h(11,10): message :  'MeshRenderer::shader' 선언을 참조하십시오.
D:\Programing project\[ 기능대회 ]\PolliceGame\MeshRenderer.cpp(53,20): warning C4018:  '<': signed 또는 unsigned가 일치하지 않습니다.
D:\Programing project\[ 기능대회 ]\PolliceGame\MeshRenderer.cpp(43,7): warning C4189:  'transform': 지역 변수가 초기화되었으나 참조되지 않았습니다.
D:\Programing project\[ 기능대회 ]\PolliceGame\MeshRenderer.cpp(94,20): warning C4018:  '<': signed 또는 unsigned가 일치하지 않습니다.
D:\Programing project\[ 기능대회 ]\PolliceGame\MeshRenderer.cpp(97,21): warning C4018:  '<': signed 또는 unsigned가 일치하지 않습니다.
D:\Programing project\[ 기능대회 ]\PolliceGame\MeshRenderer.cpp(87,54): warning C4238:  비표준 확장이 사용됨: 클래스 rvalue를 lvalue로 사용했습니다.
D:\Programing project\[ 기능대회 ]\PolliceGame\MeshRenderer.cpp(88,53): warning C4238:  비표준 확장이 사용됨: 클래스 rvalue를 lvalue로 사용했습니다.
  MultiTexture.cpp
D:\Programing project\[ 기능대회 ]\PolliceGame\MeshRenderer.cpp(89,52): warning C4238:  비표준 확장이 사용됨: 클래스 rvalue를 lvalue로 사용했습니다.
D:\Programing project\[ 기능대회 ]\PolliceGame\MultiTexture.cpp(22,1): warning C4996:  'sprintf': This function or variable may be unsafe. Consider using sprintf_s instead. To disable deprecation, use _CRT_SECURE_NO_WARNINGS. See online help for details.
  ObjectManager.cpp
  Player.cpp
  PlayerCamera.cpp
  PolliceGame.cpp
C:\Program Files (x86)\Windows Kits\10\Include\10.0.17763.0\ucrt\stdio.h(1774): message :  'sprintf' 선언을 참조하십시오.
D:\Programing project\[ 기능대회 ]\PolliceGame\PolliceGame.cpp(131,1): warning C4996:  'freopen': This function or variable may be unsafe. Consider using freopen_s instead. To disable deprecation, use _CRT_SECURE_NO_WARNINGS. See online help for details.
C:\Program Files (x86)\Windows Kits\10\Include\10.0.17763.0\ucrt\stdio.h(243): message :  'freopen' 선언을 참조하십시오.
D:\Programing project\[ 기능대회 ]\PolliceGame\PolliceGame.cpp(132,1): warning C4996:  'freopen': This function or variable may be unsafe. Consider using freopen_s instead. To disable deprecation, use _CRT_SECURE_NO_WARNINGS. See online help for details.
C:\Program Files (x86)\Windows Kits\10\Include\10.0.17763.0\ucrt\stdio.h(243): message :  'freopen' 선언을 참조하십시오.
D:\Programing project\[ 기능대회 ]\PolliceGame\PolliceGame.cpp(133,1): warning C4996:  'freopen': This function or variable may be unsafe. Consider using freopen_s instead. To disable deprecation, use _CRT_SECURE_NO_WARNINGS. See online help for details.
  RenderManager.cpp
  Renderer.cpp
  ResourceManager.cpp
C:\Program Files (x86)\Windows Kits\10\Include\10.0.17763.0\ucrt\stdio.h(243): message :  'freopen' 선언을 참조하십시오.
D:\Programing project\[ 기능대회 ]\PolliceGame\ResourceManager.cpp(124,7): warning C4189:  'bFound': 지역 변수가 초기화되었으나 참조되지 않았습니다.
D:\Programing project\[ 기능대회 ]\PolliceGame\ResourceManager.cpp(201,1): warning C4996:  'sprintf': This function or variable may be unsafe. Consider using sprintf_s instead. To disable deprecation, use _CRT_SECURE_NO_WARNINGS. See online help for details.
  Rigidbody.cpp
C:\Program Files (x86)\Windows Kits\10\Include\10.0.17763.0\ucrt\stdio.h(1774): message :  'sprintf' 선언을 참조하십시오.
D:\Programing project\[ 기능대회 ]\PolliceGame\Rigidbody.cpp(35,34): warning C4458:  'force' 선언은 클래스 멤버를 숨깁니다.
  Scene.cpp
  SceneManager.cpp
  SingleTexture.cpp
  Singleton.cpp
  SkyBox.cpp
D:\Programing project\[ 기능대회 ]\PolliceGame\Rigidbody.h(9,10): message :  'Rigidbody::force' 선언을 참조하십시오.
D:\Programing project\[ 기능대회 ]\PolliceGame\SkyBox.cpp(85,20): warning C4018:  '<': signed 또는 unsigned가 일치하지 않습니다.
D:\Programing project\[ 기능대회 ]\PolliceGame\SkyBox.cpp(88,21): warning C4018:  '<': signed 또는 unsigned가 일치하지 않습니다.
D:\Programing project\[ 기능대회 ]\PolliceGame\SkyBox.cpp(115,20): warning C4018:  '<': signed 또는 unsigned가 일치하지 않습니다.
  Sound.cpp
  코드를 생성하고 있습니다...
  컴파일하고 있습니다...
  Stage1Scene.cpp
  Texture.cpp
  TileMap.cpp
D:\Programing project\[ 기능대회 ]\PolliceGame\SkyBox.cpp(109,56): warning C4238:  비표준 확장이 사용됨: 클래스 rvalue를 lvalue로 사용했습니다.
D:\Programing project\[ 기능대회 ]\PolliceGame\TileMap.cpp(27,19): warning C4458:  'renderer' 선언은 클래스 멤버를 숨깁니다.
  TileMapRenderer.cpp
D:\Programing project\[ 기능대회 ]\PolliceGame\GameObject.h(22,12): message :  'GameObject::renderer' 선언을 참조하십시오.
D:\Programing project\[ 기능대회 ]\PolliceGame\TileMapRenderer.cpp(127,15): warning C4458:  'mesh' 선언은 클래스 멤버를 숨깁니다.
  Time.cpp
  Timer.cpp
  TouchEventArgs.cpp
  Transform.cpp
  stdafx.cpp
  코드를 생성하고 있습니다...
D:\Programing project\[ 기능대회 ]\PolliceGame\MeshRenderer.h(10,8): message :  'MeshRenderer::mesh' 선언을 참조하십시오.
BaseResource.obj : warning LNK4075: '/EDITANDCONTINUE'이(가) '/SAFESEH' 사양으로 인해 무시됩니다.
  PolliceGame_2010.vcxproj -> D:\Programing project\[ 기능대회 ]\PolliceGame\Debug\PolliceGame.exe
